<?xml version="1.0" encoding="UTF-8"?>
<testng-results ignored="0" total="2" passed="2" failed="0" skipped="0">
  <reporter-output>
  </reporter-output>
  <suite started-at="2021-09-30T16:08:22 ICT" name="Default suite" finished-at="2021-09-30T16:08:34 ICT" duration-ms="12040">
    <groups>
    </groups>
    <test started-at="2021-09-30T16:08:22 ICT" name="Default test" finished-at="2021-09-30T16:08:34 ICT" duration-ms="12040">
      <class name="TestNG_P.HOTEL">
        <test-method is-config="true" signature="beforeClass()[pri:0, instance:TestNG_P.HOTEL@1a6d8329]" started-at="2021-09-30T16:08:22 ICT" name="beforeClass" finished-at="2021-09-30T16:08:27 ICT" duration-ms="4172" status="PASS">
          <reporter-output>
          </reporter-output>
        </test-method> <!-- beforeClass -->
        <test-method signature="searchRoom()[pri:1, instance:TestNG_P.HOTEL@1a6d8329]" started-at="2021-09-30T16:08:27 ICT" name="searchRoom" finished-at="2021-09-30T16:08:28 ICT" duration-ms="1268" status="PASS">
          <reporter-output>
          </reporter-output>
        </test-method> <!-- searchRoom -->
        <test-method signature="bookRoom()[pri:2, instance:TestNG_P.HOTEL@1a6d8329]" started-at="2021-09-30T16:08:28 ICT" name="bookRoom" finished-at="2021-09-30T16:08:34 ICT" duration-ms="6447" status="PASS">
          <reporter-output>
          </reporter-output>
        </test-method> <!-- bookRoom -->
        <test-method is-config="true" signature="afterClass()[pri:0, instance:TestNG_P.HOTEL@1a6d8329]" started-at="2021-09-30T16:08:34 ICT" name="afterClass" finished-at="2021-09-30T16:08:34 ICT" duration-ms="107" status="PASS">
          <reporter-output>
          </reporter-output>
        </test-method> <!-- afterClass -->
      </class> <!-- TestNG_P.HOTEL -->
    </test> <!-- Default test -->
  </suite> <!-- Default suite -->
</testng-results>
