<?xml version="1.0" encoding="UTF-8"?>
<!-- Generated by org.testng.reporters.JUnitXMLReporter -->
<testsuite ignored="2" hostname="DESKTOP-HEOSBPL" failures="1" tests="1" name="Test" time="6.437" errors="0" timestamp="2021-10-12T09:28:22 ICT">
  <testcase classname="mainTest.TestClass" name="AddProduct_Failed" time="2.298">
    <failure type="java.lang.NullPointerException" message="Cannot invoke &amp;quot;org.openqa.selenium.WebElement.click()&amp;quot; because the return value of &amp;quot;org.openqa.selenium.WebDriver.findElement(org.openqa.selenium.By)&amp;quot; is null">
      <![CDATA[java.lang.NullPointerException: Cannot invoke "org.openqa.selenium.WebElement.click()" because the return value of "org.openqa.selenium.WebDriver.findElement(org.openqa.selenium.By)" is null
at Utilities.LogInPage.NavigateToAdmin(LogInPage.java:36)
at mainTest.TestClass.AddProduct_Failed(TestClass.java:50)
at java.base/java.util.ArrayList.forEach(ArrayList.java:1511)
... Removed 27 stack frames]]>
    </failure>
  </testcase> <!-- AddProduct_Failed -->
  <testcase classname="mainTest.TestClass" name="CheckProduct" time="0.0">
    <ignored/>
  </testcase> <!-- CheckProduct -->
  <testcase classname="mainTest.TestClass" name="AddProduct_Passed" time="0.0">
    <ignored/>
  </testcase> <!-- AddProduct_Passed -->
</testsuite> <!-- Test -->
