<?xml version="1.0" encoding="UTF-8"?>
<!-- Generated by org.testng.reporters.JUnitXMLReporter -->
<testsuite ignored="1" hostname="DESKTOP-HEOSBPL" failures="0" tests="7" name="Combine Test" time="0.069" errors="0" timestamp="2021-10-11T16:40:41 ICT">
  <testcase classname="secondpackage.FirstClass" name="firstTest" time="0.006"/>
  <testcase classname="secondpackage.FirstClass" name="secondTest" time="0.001"/>
  <testcase classname="firstpackage.FirstClass" name="firstTest" time="0.002"/>
  <testcase classname="firstpackage.FirstClass" name="secondTest" time="0.003"/>
  <testcase classname="thirdpackage.FirstClass" name="firstTest" time="0.001"/>
  <testcase classname="firstpackage.SecondClass" name="firstTest" time="0.002"/>
  <testcase classname="firstpackage.SecondClass" name="secondTest" time="0.003"/>
  <testcase classname="thirdpackage.FirstClass" name="secondTest" time="0.0">
    <ignored/>
  </testcase> <!-- secondTest -->
</testsuite> <!-- Combine Test -->
