<?xml version="1.0" encoding="UTF-8"?>
<!-- Generated by org.testng.reporters.JUnitXMLReporter -->
<testsuite ignored="1" hostname="DESKTOP-HEOSBPL" failures="0" tests="3" name="FirstTest" time="0.056" errors="0" timestamp="2021-10-11T16:17:49 ICT">
  <testcase classname="firstpackage.FirstClass" name="firstTest" time="0.007"/>
  <testcase classname="firstpackage.FirstClass" name="secondTest" time="0.001"/>
  <testcase classname="firstpackage.SecondClass" name="firstTest" time="0.001"/>
  <testcase classname="firstpackage.SecondClass" name="secondTest" time="0.0">
    <ignored/>
  </testcase> <!-- secondTest -->
</testsuite> <!-- FirstTest -->
