<?xml version="1.0" encoding="UTF-8"?>
<!-- Generated by org.testng.reporters.JUnitXMLReporter -->
<testsuite ignored="0" hostname="DESKTOP-HEOSBPL" failures="0" tests="6" name="Test" time="0.055" errors="0" timestamp="2021-10-11T16:58:10 ICT">
  <testcase classname="demo.thunghiem" name="c" time="0.007"/>
  <testcase classname="demo.thunghiem" name="a" time="0.001"/>
  <testcase classname="demo.thunghiem" name="b" time="0.001"/>
  <testcase classname="demo.thunghiem" name="d" time="0.001"/>
  <testcase classname="demo.FirstClass" name="asecondTest" time="0.001"/>
  <testcase classname="demo.FirstClass" name="firstTest" time="0.001"/>
</testsuite> <!-- Test -->
