<?xml version="1.0" encoding="UTF-8"?>
<!-- Generated by org.testng.reporters.JUnitXMLReporter -->
<testsuite ignored="0" hostname="DESKTOP-HEOSBPL" failures="0" tests="5" name="Admin delete account while User making order" time="23.142" errors="0" timestamp="2021-10-30T11:29:54 ICT">
  <testcase classname="test.script2.OrderWithScript2" name="loginCustomerRole" time="3.281"/>
  <testcase classname="test.script2.AdminDeleteUserTest" name="loginAndOpenAdminPage" time="3.817"/>
  <testcase classname="test.script2.OrderWithScript2" name="searchProductByTool" time="2.051"/>
  <testcase classname="test.script2.AdminDeleteUserTest" name="deleteUser" time="1.433"/>
  <testcase classname="test.script2.OrderWithScript2" name="checkUSerCannotMakeOrder" time="14.924"/>
</testsuite> <!-- Admin delete account while User making order -->
