<?xml version="1.0" encoding="UTF-8"?>
<!-- Generated by org.testng.reporters.JUnitXMLReporter -->
<testsuite ignored="0" hostname="DESKTOP-HEOSBPL" failures="1" tests="4" name="Check the system when user is changing password and Admin delete account" time="31.159" errors="0" timestamp="2021-10-30T11:33:27 ICT">
  <testcase classname="test.script3.ChangePasswordTest" name="userLogin" time="3.125"/>
  <testcase classname="test.script3.AdminDeleteUserTest" name="loginAndOpenAdminPage" time="3.929"/>
  <testcase classname="test.script3.AdminDeleteUserTest" name="deleteUser" time="1.186"/>
  <testcase classname="test.script3.ChangePasswordTest" name="changePassword" time="24.888">
    <failure type="java.lang.AssertionError" message="expected [true] but found [false]">
      <![CDATA[java.lang.AssertionError: expected [true] but found [false]
at test.script3.ChangePasswordTest.changePassword(ChangePasswordTest.java:41)
at java.base/java.util.concurrent.ThreadPoolExecutor.runWorker(ThreadPoolExecutor.java:1130)
at java.base/java.util.concurrent.ThreadPoolExecutor$Worker.run(ThreadPoolExecutor.java:630)
at java.base/java.lang.Thread.run(Thread.java:831)
... Removed 16 stack frames]]>
    </failure>
  </testcase> <!-- changePassword -->
</testsuite> <!-- Check the system when user is changing password and Admin delete account -->
